<?xml version="1.0" encoding="UTF-8"?>
<!-- Generated by org.testng.reporters.JUnitXMLReporter -->
<testsuite hostname="BLR2SANTANUP1A" name="Login Test" tests="10" failures="8" timestamp="5 Dec 2016 09:53:16 GMT" time="422.269" errors="0">
  <testcase name="doLogin" time="85.447" classname="testcases.LoginTest"/>
  <testcase name="doLogin" time="32.64" classname="testcases.LoginTest">
    <failure type="java.lang.IllegalArgumentException" message="Cannot find elements when the XPath expression is null.">
      <![CDATA[java.lang.IllegalArgumentException: Cannot find elements when the XPath expression is null.
	at org.openqa.selenium.By.xpath(By.java:113)
	at page.HomePage.login(HomePage.java:78)
	at testcases.LoginTest.doLogin(LoginTest.java:17)
... Removed 25 stack frames]]>
    </failure>
  </testcase> <!-- doLogin -->
  <testcase name="doLogin" time="32.353" classname="testcases.LoginTest">
    <failure type="java.lang.IllegalArgumentException" message="Cannot find elements when the XPath expression is null.">
      <![CDATA[java.lang.IllegalArgumentException: Cannot find elements when the XPath expression is null.
	at org.openqa.selenium.By.xpath(By.java:113)
	at page.HomePage.login(HomePage.java:78)
	at testcases.LoginTest.doLogin(LoginTest.java:17)
... Removed 25 stack frames]]>
    </failure>
  </testcase> <!-- doLogin -->
  <testcase name="doLogin" time="32.078" classname="testcases.LoginTest">
    <failure type="java.lang.IllegalArgumentException" message="Cannot find elements when the XPath expression is null.">
      <![CDATA[java.lang.IllegalArgumentException: Cannot find elements when the XPath expression is null.
	at org.openqa.selenium.By.xpath(By.java:113)
	at page.HomePage.login(HomePage.java:78)
	at testcases.LoginTest.doLogin(LoginTest.java:17)
... Removed 25 stack frames]]>
    </failure>
  </testcase> <!-- doLogin -->
  <testcase name="doLogin" time="33.173" classname="testcases.LoginTest">
    <failure type="java.lang.IllegalArgumentException" message="Cannot find elements when the XPath expression is null.">
      <![CDATA[java.lang.IllegalArgumentException: Cannot find elements when the XPath expression is null.
	at org.openqa.selenium.By.xpath(By.java:113)
	at page.HomePage.login(HomePage.java:78)
	at testcases.LoginTest.doLogin(LoginTest.java:17)
... Removed 25 stack frames]]>
    </failure>
  </testcase> <!-- doLogin -->
  <testcase name="doLogin" time="31.499" classname="testcases.LoginTest">
    <failure type="java.lang.IllegalArgumentException" message="Cannot find elements when the XPath expression is null.">
      <![CDATA[java.lang.IllegalArgumentException: Cannot find elements when the XPath expression is null.
	at org.openqa.selenium.By.xpath(By.java:113)
	at page.HomePage.login(HomePage.java:78)
	at testcases.LoginTest.doLogin(LoginTest.java:17)
... Removed 25 stack frames]]>
    </failure>
  </testcase> <!-- doLogin -->
  <testcase name="doLogin" time="32.262" classname="testcases.LoginTest">
    <failure type="java.lang.IllegalArgumentException" message="Cannot find elements when the XPath expression is null.">
      <![CDATA[java.lang.IllegalArgumentException: Cannot find elements when the XPath expression is null.
	at org.openqa.selenium.By.xpath(By.java:113)
	at page.HomePage.login(HomePage.java:78)
	at testcases.LoginTest.doLogin(LoginTest.java:17)
... Removed 25 stack frames]]>
    </failure>
  </testcase> <!-- doLogin -->
  <testcase name="doLogin" time="32.796" classname="testcases.LoginTest">
    <failure type="java.lang.IllegalArgumentException" message="Cannot find elements when the XPath expression is null.">
      <![CDATA[java.lang.IllegalArgumentException: Cannot find elements when the XPath expression is null.
	at org.openqa.selenium.By.xpath(By.java:113)
	at page.HomePage.login(HomePage.java:78)
	at testcases.LoginTest.doLogin(LoginTest.java:17)
... Removed 25 stack frames]]>
    </failure>
  </testcase> <!-- doLogin -->
  <testcase name="doLogin" time="33.678" classname="testcases.LoginTest">
    <failure type="java.lang.IllegalArgumentException" message="Cannot find elements when the XPath expression is null.">
      <![CDATA[java.lang.IllegalArgumentException: Cannot find elements when the XPath expression is null.
	at org.openqa.selenium.By.xpath(By.java:113)
	at page.HomePage.login(HomePage.java:78)
	at testcases.LoginTest.doLogin(LoginTest.java:17)
... Removed 25 stack frames]]>
    </failure>
  </testcase> <!-- doLogin -->
  <testcase name="doLogin" time="75.647" classname="testcases.LoginTest"/>
</testsuite> <!-- Login Test -->
